2025-07-22 09:52:54 Error: [MissingControllerException] Controller class StudentsController could not be found.
Exception Attributes: array (
  'class' => 'StudentsController',
  'plugin' => NULL,
)
Request URL: /demo/students/index
Stack Trace:
#0 E:\xampp\htdocs\demo\app\webroot\index.php(117): Dispatcher->dispatch(Object(CakeRequest), Object(CakeResponse))
#1 {main}
2025-07-22 10:00:29 Error: [MissingControllerException] Controller class StudentsController could not be found.
Exception Attributes: array (
  'class' => 'StudentsController',
  'plugin' => NULL,
)
Request URL: /demo/students/index
Stack Trace:
#0 E:\xampp\htdocs\demo\app\webroot\index.php(117): Dispatcher->dispatch(Object(CakeRequest), Object(CakeResponse))
#1 {main}
2025-07-22 10:15:32 Error: [MissingControllerException] Controller class StudentsController could not be found.
Exception Attributes: array (
  'class' => 'StudentsController',
  'plugin' => NULL,
)
Request URL: /demo/students/index
Stack Trace:
#0 E:\xampp\htdocs\demo\app\webroot\index.php(117): Dispatcher->dispatch(Object(CakeRequest), Object(CakeResponse))
#1 {main}
2025-07-22 10:16:48 Error: [MissingControllerException] Controller class StudentsController could not be found.
Exception Attributes: array (
  'class' => 'StudentsController',
  'plugin' => NULL,
)
Request URL: /demo/students/index
Stack Trace:
#0 E:\xampp\htdocs\demo\app\webroot\index.php(117): Dispatcher->dispatch(Object(CakeRequest), Object(CakeResponse))
#1 {main}
2025-07-22 10:17:55 Error: [MissingActionException] Action AppController::index() could not be found.
Exception Attributes: array (
  'controller' => 'AppController',
  'action' => 'index',
)
Request URL: /demo/app/
Stack Trace:
#0 E:\xampp\htdocs\demo\lib\Cake\Routing\Dispatcher.php(193): Controller->invokeAction(Object(CakeRequest))
#1 E:\xampp\htdocs\demo\lib\Cake\Routing\Dispatcher.php(167): Dispatcher->_invoke(Object(AppController), Object(CakeRequest))
#2 E:\xampp\htdocs\demo\app\webroot\index.php(117): Dispatcher->dispatch(Object(CakeRequest), Object(CakeResponse))
#3 {main}
2025-07-22 10:32:26 Error: [MissingActionException] Action AppController::index() could not be found.
Exception Attributes: array (
  'controller' => 'AppController',
  'action' => 'index',
)
Request URL: /demo/app/
Stack Trace:
#0 E:\xampp\htdocs\demo\lib\Cake\Routing\Dispatcher.php(193): Controller->invokeAction(Object(CakeRequest))
#1 E:\xampp\htdocs\demo\lib\Cake\Routing\Dispatcher.php(167): Dispatcher->_invoke(Object(AppController), Object(CakeRequest))
#2 E:\xampp\htdocs\demo\app\webroot\index.php(117): Dispatcher->dispatch(Object(CakeRequest), Object(CakeResponse))
#3 {main}
2025-07-22 10:32:27 Error: [MissingActionException] Action AppController::index() could not be found.
Exception Attributes: array (
  'controller' => 'AppController',
  'action' => 'index',
)
Request URL: /demo/app/
Stack Trace:
#0 E:\xampp\htdocs\demo\lib\Cake\Routing\Dispatcher.php(193): Controller->invokeAction(Object(CakeRequest))
#1 E:\xampp\htdocs\demo\lib\Cake\Routing\Dispatcher.php(167): Dispatcher->_invoke(Object(AppController), Object(CakeRequest))
#2 E:\xampp\htdocs\demo\app\webroot\index.php(117): Dispatcher->dispatch(Object(CakeRequest), Object(CakeResponse))
#3 {main}
2025-07-22 11:48:09 Error: [MissingActionException] Action AppController::index() could not be found.
Exception Attributes: array (
  'controller' => 'AppController',
  'action' => 'index',
)
Request URL: /demo/app/
Stack Trace:
#0 E:\xampp\htdocs\demo\lib\Cake\Routing\Dispatcher.php(193): Controller->invokeAction(Object(CakeRequest))
#1 E:\xampp\htdocs\demo\lib\Cake\Routing\Dispatcher.php(167): Dispatcher->_invoke(Object(AppController), Object(CakeRequest))
#2 E:\xampp\htdocs\demo\app\webroot\index.php(117): Dispatcher->dispatch(Object(CakeRequest), Object(CakeResponse))
#3 {main}
2025-07-22 11:50:53 Error: [MissingControllerException] Controller class StudentsController could not be found.
Exception Attributes: array (
  'class' => 'StudentsController',
  'plugin' => NULL,
)
Request URL: /demo/students/index
Stack Trace:
#0 E:\xampp\htdocs\demo\app\webroot\index.php(117): Dispatcher->dispatch(Object(CakeRequest), Object(CakeResponse))
#1 {main}
2025-07-22 11:51:10 Error: [MissingActionException] Action AppController::students() could not be found.
Exception Attributes: array (
  'controller' => 'AppController',
  'action' => 'students',
)
Request URL: /demo/app/students/index
Stack Trace:
#0 E:\xampp\htdocs\demo\lib\Cake\Routing\Dispatcher.php(193): Controller->invokeAction(Object(CakeRequest))
#1 E:\xampp\htdocs\demo\lib\Cake\Routing\Dispatcher.php(167): Dispatcher->_invoke(Object(AppController), Object(CakeRequest))
#2 E:\xampp\htdocs\demo\app\webroot\index.php(117): Dispatcher->dispatch(Object(CakeRequest), Object(CakeResponse))
#3 {main}
2025-07-22 11:57:08 Error: [MissingActionException] Action AppController::students() could not be found.
Exception Attributes: array (
  'controller' => 'AppController',
  'action' => 'students',
)
Request URL: /demo/app/students/index
Stack Trace:
#0 E:\xampp\htdocs\demo\lib\Cake\Routing\Dispatcher.php(193): Controller->invokeAction(Object(CakeRequest))
#1 E:\xampp\htdocs\demo\lib\Cake\Routing\Dispatcher.php(167): Dispatcher->_invoke(Object(AppController), Object(CakeRequest))
#2 E:\xampp\htdocs\demo\app\webroot\index.php(117): Dispatcher->dispatch(Object(CakeRequest), Object(CakeResponse))
#3 {main}
2025-07-22 12:00:15 Error: [MissingActionException] Action AppController::students() could not be found.
Exception Attributes: array (
  'controller' => 'AppController',
  'action' => 'students',
)
Request URL: /demo/app/students/index
Stack Trace:
#0 E:\xampp\htdocs\demo\lib\Cake\Routing\Dispatcher.php(193): Controller->invokeAction(Object(CakeRequest))
#1 E:\xampp\htdocs\demo\lib\Cake\Routing\Dispatcher.php(167): Dispatcher->_invoke(Object(AppController), Object(CakeRequest))
#2 E:\xampp\htdocs\demo\app\webroot\index.php(117): Dispatcher->dispatch(Object(CakeRequest), Object(CakeResponse))
#3 {main}
2025-07-22 12:00:16 Error: [MissingActionException] Action AppController::students() could not be found.
Exception Attributes: array (
  'controller' => 'AppController',
  'action' => 'students',
)
Request URL: /demo/app/students/index
Stack Trace:
#0 E:\xampp\htdocs\demo\lib\Cake\Routing\Dispatcher.php(193): Controller->invokeAction(Object(CakeRequest))
#1 E:\xampp\htdocs\demo\lib\Cake\Routing\Dispatcher.php(167): Dispatcher->_invoke(Object(AppController), Object(CakeRequest))
#2 E:\xampp\htdocs\demo\app\webroot\index.php(117): Dispatcher->dispatch(Object(CakeRequest), Object(CakeResponse))
#3 {main}
2025-07-22 12:00:21 Error: [MissingActionException] Action AppController::students() could not be found.
Exception Attributes: array (
  'controller' => 'AppController',
  'action' => 'students',
)
Request URL: /demo/app/students/index
Stack Trace:
#0 E:\xampp\htdocs\demo\lib\Cake\Routing\Dispatcher.php(193): Controller->invokeAction(Object(CakeRequest))
#1 E:\xampp\htdocs\demo\lib\Cake\Routing\Dispatcher.php(167): Dispatcher->_invoke(Object(AppController), Object(CakeRequest))
#2 E:\xampp\htdocs\demo\app\webroot\index.php(117): Dispatcher->dispatch(Object(CakeRequest), Object(CakeResponse))
#3 {main}
2025-07-22 12:15:56 Error: [MissingActionException] Action AppController::View() could not be found.
Exception Attributes: array (
  'controller' => 'AppController',
  'action' => 'View',
)
Request URL: /demo/app/View/Students/add
Stack Trace:
#0 E:\xampp\htdocs\demo\lib\Cake\Routing\Dispatcher.php(193): Controller->invokeAction(Object(CakeRequest))
#1 E:\xampp\htdocs\demo\lib\Cake\Routing\Dispatcher.php(167): Dispatcher->_invoke(Object(AppController), Object(CakeRequest))
#2 E:\xampp\htdocs\demo\app\webroot\index.php(117): Dispatcher->dispatch(Object(CakeRequest), Object(CakeResponse))
#3 {main}
2025-07-22 12:27:24 Error: [MissingControllerException] Controller class BranchesController could not be found.
Exception Attributes: array (
  'class' => 'BranchesController',
  'plugin' => NULL,
)
Request URL: /demo/branches/add
Stack Trace:
#0 E:\xampp\htdocs\demo\app\webroot\index.php(117): Dispatcher->dispatch(Object(CakeRequest), Object(CakeResponse))
#1 {main}
2025-07-22 12:44:53 Error: [MissingActionException] Action AppController::View() could not be found.
Exception Attributes: array (
  'controller' => 'AppController',
  'action' => 'View',
)
Request URL: /demo/app/View/Students/add
Stack Trace:
#0 E:\xampp\htdocs\demo\lib\Cake\Routing\Dispatcher.php(193): Controller->invokeAction(Object(CakeRequest))
#1 E:\xampp\htdocs\demo\lib\Cake\Routing\Dispatcher.php(167): Dispatcher->_invoke(Object(AppController), Object(CakeRequest))
#2 E:\xampp\htdocs\demo\app\webroot\index.php(117): Dispatcher->dispatch(Object(CakeRequest), Object(CakeResponse))
#3 {main}
2025-07-22 12:45:18 Error: [MissingControllerException] Controller class BranchesController could not be found.
Exception Attributes: array (
  'class' => 'BranchesController',
  'plugin' => NULL,
)
Request URL: /demo/branches
Stack Trace:
#0 E:\xampp\htdocs\demo\app\webroot\index.php(117): Dispatcher->dispatch(Object(CakeRequest), Object(CakeResponse))
#1 {main}
2025-07-22 12:45:19 Error: [MissingControllerException] Controller class YearsController could not be found.
Exception Attributes: array (
  'class' => 'YearsController',
  'plugin' => NULL,
)
Request URL: /demo/years
Stack Trace:
#0 E:\xampp\htdocs\demo\app\webroot\index.php(117): Dispatcher->dispatch(Object(CakeRequest), Object(CakeResponse))
#1 {main}
2025-07-22 12:45:23 Error: [MissingControllerException] Controller class BranchesController could not be found.
Exception Attributes: array (
  'class' => 'BranchesController',
  'plugin' => NULL,
)
Request URL: /demo/branches
Stack Trace:
#0 E:\xampp\htdocs\demo\app\webroot\index.php(117): Dispatcher->dispatch(Object(CakeRequest), Object(CakeResponse))
#1 {main}
2025-07-22 12:45:24 Error: [MissingControllerException] Controller class YearsController could not be found.
Exception Attributes: array (
  'class' => 'YearsController',
  'plugin' => NULL,
)
Request URL: /demo/years
Stack Trace:
#0 E:\xampp\htdocs\demo\app\webroot\index.php(117): Dispatcher->dispatch(Object(CakeRequest), Object(CakeResponse))
#1 {main}
2025-07-22 12:45:37 Error: [MissingControllerException] Controller class BranchesController could not be found.
Exception Attributes: array (
  'class' => 'BranchesController',
  'plugin' => NULL,
)
Request URL: /demo/branches
Stack Trace:
#0 E:\xampp\htdocs\demo\app\webroot\index.php(117): Dispatcher->dispatch(Object(CakeRequest), Object(CakeResponse))
#1 {main}
2025-07-22 12:45:38 Error: [MissingControllerException] Controller class YearsController could not be found.
Exception Attributes: array (
  'class' => 'YearsController',
  'plugin' => NULL,
)
Request URL: /demo/years
Stack Trace:
#0 E:\xampp\htdocs\demo\app\webroot\index.php(117): Dispatcher->dispatch(Object(CakeRequest), Object(CakeResponse))
#1 {main}
2025-07-22 12:47:32 Error: [MissingControllerException] Controller class BranchesController could not be found.
Exception Attributes: array (
  'class' => 'BranchesController',
  'plugin' => NULL,
)
Request URL: /demo/branches
Stack Trace:
#0 E:\xampp\htdocs\demo\app\webroot\index.php(117): Dispatcher->dispatch(Object(CakeRequest), Object(CakeResponse))
#1 {main}
2025-07-22 12:49:27 Error: [MissingControllerException] Controller class BranchesController could not be found.
Exception Attributes: array (
  'class' => 'BranchesController',
  'plugin' => NULL,
)
Request URL: /demo/branches
Stack Trace:
#0 E:\xampp\htdocs\demo\app\webroot\index.php(117): Dispatcher->dispatch(Object(CakeRequest), Object(CakeResponse))
#1 {main}
2025-07-22 12:55:11 Error: [MissingControllerException] Controller class BranchesController could not be found.
Exception Attributes: array (
  'class' => 'BranchesController',
  'plugin' => NULL,
)
Request URL: /demo/branches
Stack Trace:
#0 E:\xampp\htdocs\demo\app\webroot\index.php(117): Dispatcher->dispatch(Object(CakeRequest), Object(CakeResponse))
#1 {main}
2025-07-22 12:55:12 Error: [MissingControllerException] Controller class YearsController could not be found.
Exception Attributes: array (
  'class' => 'YearsController',
  'plugin' => NULL,
)
Request URL: /demo/years
Stack Trace:
#0 E:\xampp\htdocs\demo\app\webroot\index.php(117): Dispatcher->dispatch(Object(CakeRequest), Object(CakeResponse))
#1 {main}
2025-07-22 12:55:13 Error: [MissingControllerException] Controller class BranchesController could not be found.
Exception Attributes: array (
  'class' => 'BranchesController',
  'plugin' => NULL,
)
Request URL: /demo/branches
Stack Trace:
#0 E:\xampp\htdocs\demo\app\webroot\index.php(117): Dispatcher->dispatch(Object(CakeRequest), Object(CakeResponse))
#1 {main}
2025-07-22 12:58:11 Error: [MissingControllerException] Controller class BranchesController could not be found.
Exception Attributes: array (
  'class' => 'BranchesController',
  'plugin' => NULL,
)
Request URL: /demo/branches
Stack Trace:
#0 E:\xampp\htdocs\demo\app\webroot\index.php(117): Dispatcher->dispatch(Object(CakeRequest), Object(CakeResponse))
#1 {main}
2025-07-22 12:58:15 Error: [MissingControllerException] Controller class Controller could not be found.
Exception Attributes: array (
  'class' => 'Controller',
  'plugin' => NULL,
)
Request URL: /demo/
Stack Trace:
#0 E:\xampp\htdocs\demo\app\webroot\index.php(117): Dispatcher->dispatch(Object(CakeRequest), Object(CakeResponse))
#1 {main}
2025-07-22 12:58:16 Error: [MissingControllerException] Controller class Controller could not be found.
Exception Attributes: array (
  'class' => 'Controller',
  'plugin' => NULL,
)
Request URL: /demo/
Stack Trace:
#0 E:\xampp\htdocs\demo\app\webroot\index.php(117): Dispatcher->dispatch(Object(CakeRequest), Object(CakeResponse))
#1 {main}
2025-07-22 12:58:34 Error: [MissingControllerException] Controller class Controller could not be found.
Exception Attributes: array (
  'class' => 'Controller',
  'plugin' => NULL,
)
Request URL: /demo/
Stack Trace:
#0 E:\xampp\htdocs\demo\app\webroot\index.php(117): Dispatcher->dispatch(Object(CakeRequest), Object(CakeResponse))
#1 {main}
2025-07-22 12:58:44 Error: [MissingControllerException] Controller class BranchesController could not be found.
Exception Attributes: array (
  'class' => 'BranchesController',
  'plugin' => NULL,
)
Request URL: /demo/branches
Stack Trace:
#0 E:\xampp\htdocs\demo\app\webroot\index.php(117): Dispatcher->dispatch(Object(CakeRequest), Object(CakeResponse))
#1 {main}
2025-07-22 12:58:46 Error: [MissingControllerException] Controller class YearsController could not be found.
Exception Attributes: array (
  'class' => 'YearsController',
  'plugin' => NULL,
)
Request URL: /demo/years
Stack Trace:
#0 E:\xampp\htdocs\demo\app\webroot\index.php(117): Dispatcher->dispatch(Object(CakeRequest), Object(CakeResponse))
#1 {main}
2025-07-22 12:59:03 Error: [MissingControllerException] Controller class Controller could not be found.
Exception Attributes: array (
  'class' => 'Controller',
  'plugin' => NULL,
)
Request URL: /demo/
Stack Trace:
#0 E:\xampp\htdocs\demo\app\webroot\index.php(117): Dispatcher->dispatch(Object(CakeRequest), Object(CakeResponse))
#1 {main}
2025-07-22 12:59:03 Error: [MissingControllerException] Controller class Controller could not be found.
Exception Attributes: array (
  'class' => 'Controller',
  'plugin' => NULL,
)
Request URL: /demo/
Stack Trace:
#0 E:\xampp\htdocs\demo\app\webroot\index.php(117): Dispatcher->dispatch(Object(CakeRequest), Object(CakeResponse))
#1 {main}
2025-07-22 12:59:08 Error: [MissingControllerException] Controller class BranchesController could not be found.
Exception Attributes: array (
  'class' => 'BranchesController',
  'plugin' => NULL,
)
Request URL: /demo/branches
Stack Trace:
#0 E:\xampp\htdocs\demo\app\webroot\index.php(117): Dispatcher->dispatch(Object(CakeRequest), Object(CakeResponse))
#1 {main}
2025-07-22 12:59:09 Error: [MissingControllerException] Controller class YearsController could not be found.
Exception Attributes: array (
  'class' => 'YearsController',
  'plugin' => NULL,
)
Request URL: /demo/years
Stack Trace:
#0 E:\xampp\htdocs\demo\app\webroot\index.php(117): Dispatcher->dispatch(Object(CakeRequest), Object(CakeResponse))
#1 {main}
2025-07-22 13:02:51 Error: [MissingControllerException] Controller class BranchesController could not be found.
Exception Attributes: array (
  'class' => 'BranchesController',
  'plugin' => NULL,
)
Request URL: /demo/branches
Stack Trace:
#0 E:\xampp\htdocs\demo\app\webroot\index.php(117): Dispatcher->dispatch(Object(CakeRequest), Object(CakeResponse))
#1 {main}
2025-07-22 13:03:37 Error: [MissingControllerException] Controller class BranchesController could not be found.
Exception Attributes: array (
  'class' => 'BranchesController',
  'plugin' => NULL,
)
Request URL: /demo/branches
Stack Trace:
#0 E:\xampp\htdocs\demo\app\webroot\index.php(117): Dispatcher->dispatch(Object(CakeRequest), Object(CakeResponse))
#1 {main}
2025-07-22 13:08:51 Error: [MissingControllerException] Controller class YearsController could not be found.
Exception Attributes: array (
  'class' => 'YearsController',
  'plugin' => NULL,
)
Request URL: /demo/years
Stack Trace:
#0 E:\xampp\htdocs\demo\app\webroot\index.php(117): Dispatcher->dispatch(Object(CakeRequest), Object(CakeResponse))
#1 {main}
2025-07-22 18:44:34 Error: [MissingConnectionException] Database connection "Mysql" is missing, or could not be created.
Exception Attributes: array (
  'class' => 'Mysql',
  'message' => 'SQLSTATE[HY000] [2002] No connection could be made because the target machine actively refused it.
',
  'enabled' => true,
)
Request URL: /demo/
Stack Trace:
#0 C:\xampp\htdocs\demo\lib\Cake\Model\Datasource\DboSource.php(278): Mysql->connect()
#1 C:\xampp\htdocs\demo\lib\Cake\Model\ConnectionManager.php(105): DboSource->__construct(Array)
#2 C:\xampp\htdocs\demo\lib\Cake\Model\Model.php(3659): ConnectionManager::getDataSource('default')
#3 C:\xampp\htdocs\demo\lib\Cake\Model\Model.php(1162): Model->setDataSource('default')
#4 C:\xampp\htdocs\demo\lib\Cake\Model\Model.php(3686): Model->setSource('students')
#5 C:\xampp\htdocs\demo\lib\Cake\Model\Model.php(3053): Model->getDataSource()
#6 C:\xampp\htdocs\demo\lib\Cake\Model\Model.php(3025): Model->_readDataSource('all', Array)
#7 C:\xampp\htdocs\demo\lib\Cake\Controller\Component\PaginatorComponent.php(212): Model->find('all', Array)
#8 C:\xampp\htdocs\demo\app\Controller\StudentsController.php(22): PaginatorComponent->paginate(Object(Student))
#9 [internal function]: StudentsController->index()
#10 C:\xampp\htdocs\demo\lib\Cake\Controller\Controller.php(499): ReflectionMethod->invokeArgs(Object(StudentsController), Array)
#11 C:\xampp\htdocs\demo\lib\Cake\Routing\Dispatcher.php(193): Controller->invokeAction(Object(CakeRequest))
#12 C:\xampp\htdocs\demo\lib\Cake\Routing\Dispatcher.php(167): Dispatcher->_invoke(Object(StudentsController), Object(CakeRequest))
#13 C:\xampp\htdocs\demo\app\webroot\index.php(117): Dispatcher->dispatch(Object(CakeRequest), Object(CakeResponse))
#14 {main}
2025-07-23 08:52:20 Error: [PDOException] SQLSTATE[45000]: <<Unknown error>>: 1644 Invalid year name. Only letters and spaces are allowed.
Request URL: /demo/years/add
Stack Trace:
#0 C:\xampp\htdocs\demo\lib\Cake\Model\Datasource\DboSource.php(502): PDOStatement->execute(Array)
#1 C:\xampp\htdocs\demo\lib\Cake\Model\Datasource\DboSource.php(468): DboSource->_execute('INSERT INTO `st...', Array)
#2 C:\xampp\htdocs\demo\lib\Cake\Model\Datasource\DboSource.php(1132): DboSource->execute('INSERT INTO `st...')
#3 C:\xampp\htdocs\demo\lib\Cake\Model\Model.php(1942): DboSource->create(Object(Year), Array, Array)
#4 C:\xampp\htdocs\demo\lib\Cake\Model\Model.php(1760): Model->_doSave(Array, Array)
#5 C:\xampp\htdocs\demo\app\Controller\YearsController.php(13): Model->save(Array)
#6 [internal function]: YearsController->add()
#7 C:\xampp\htdocs\demo\lib\Cake\Controller\Controller.php(499): ReflectionMethod->invokeArgs(Object(YearsController), Array)
#8 C:\xampp\htdocs\demo\lib\Cake\Routing\Dispatcher.php(193): Controller->invokeAction(Object(CakeRequest))
#9 C:\xampp\htdocs\demo\lib\Cake\Routing\Dispatcher.php(167): Dispatcher->_invoke(Object(YearsController), Object(CakeRequest))
#10 C:\xampp\htdocs\demo\app\webroot\index.php(117): Dispatcher->dispatch(Object(CakeRequest), Object(CakeResponse))
#11 {main}
2025-07-23 08:52:55 Error: [PDOException] SQLSTATE[45000]: <<Unknown error>>: 1644 Invalid year name. Only letters and spaces are allowed.
Request URL: /demo/years/add
Stack Trace:
#0 C:\xampp\htdocs\demo\lib\Cake\Model\Datasource\DboSource.php(502): PDOStatement->execute(Array)
#1 C:\xampp\htdocs\demo\lib\Cake\Model\Datasource\DboSource.php(468): DboSource->_execute('INSERT INTO `st...', Array)
#2 C:\xampp\htdocs\demo\lib\Cake\Model\Datasource\DboSource.php(1132): DboSource->execute('INSERT INTO `st...')
#3 C:\xampp\htdocs\demo\lib\Cake\Model\Model.php(1942): DboSource->create(Object(Year), Array, Array)
#4 C:\xampp\htdocs\demo\lib\Cake\Model\Model.php(1760): Model->_doSave(Array, Array)
#5 C:\xampp\htdocs\demo\app\Controller\YearsController.php(13): Model->save(Array)
#6 [internal function]: YearsController->add()
#7 C:\xampp\htdocs\demo\lib\Cake\Controller\Controller.php(499): ReflectionMethod->invokeArgs(Object(YearsController), Array)
#8 C:\xampp\htdocs\demo\lib\Cake\Routing\Dispatcher.php(193): Controller->invokeAction(Object(CakeRequest))
#9 C:\xampp\htdocs\demo\lib\Cake\Routing\Dispatcher.php(167): Dispatcher->_invoke(Object(YearsController), Object(CakeRequest))
#10 C:\xampp\htdocs\demo\app\webroot\index.php(117): Dispatcher->dispatch(Object(CakeRequest), Object(CakeResponse))
#11 {main}
2025-07-23 08:54:20 Error: [PDOException] SQLSTATE[45000]: <<Unknown error>>: 1644 Invalid year name. Only letters and spaces are allowed.
Request URL: /demo/years/add
Stack Trace:
#0 C:\xampp\htdocs\demo\lib\Cake\Model\Datasource\DboSource.php(502): PDOStatement->execute(Array)
#1 C:\xampp\htdocs\demo\lib\Cake\Model\Datasource\DboSource.php(468): DboSource->_execute('INSERT INTO `st...', Array)
#2 C:\xampp\htdocs\demo\lib\Cake\Model\Datasource\DboSource.php(1132): DboSource->execute('INSERT INTO `st...')
#3 C:\xampp\htdocs\demo\lib\Cake\Model\Model.php(1942): DboSource->create(Object(Year), Array, Array)
#4 C:\xampp\htdocs\demo\lib\Cake\Model\Model.php(1760): Model->_doSave(Array, Array)
#5 C:\xampp\htdocs\demo\app\Controller\YearsController.php(13): Model->save(Array)
#6 [internal function]: YearsController->add()
#7 C:\xampp\htdocs\demo\lib\Cake\Controller\Controller.php(499): ReflectionMethod->invokeArgs(Object(YearsController), Array)
#8 C:\xampp\htdocs\demo\lib\Cake\Routing\Dispatcher.php(193): Controller->invokeAction(Object(CakeRequest))
#9 C:\xampp\htdocs\demo\lib\Cake\Routing\Dispatcher.php(167): Dispatcher->_invoke(Object(YearsController), Object(CakeRequest))
#10 C:\xampp\htdocs\demo\app\webroot\index.php(117): Dispatcher->dispatch(Object(CakeRequest), Object(CakeResponse))
#11 {main}
2025-07-23 11:33:34 Error: [MissingViewException] View file "Students\edit.ctp" is missing.
Exception Attributes: array (
  'file' => 'Students\\edit.ctp',
)
Request URL: /demo/students/edit/4
Stack Trace:
#0 C:\xampp\htdocs\demo\lib\Cake\View\View.php(470): View->_getViewFileName('Students\\edit')
#1 C:\xampp\htdocs\demo\lib\Cake\Controller\Controller.php(968): View->render(NULL, NULL)
#2 C:\xampp\htdocs\demo\lib\Cake\Routing\Dispatcher.php(200): Controller->render()
#3 C:\xampp\htdocs\demo\lib\Cake\Routing\Dispatcher.php(167): Dispatcher->_invoke(Object(StudentsController), Object(CakeRequest))
#4 C:\xampp\htdocs\demo\app\webroot\index.php(117): Dispatcher->dispatch(Object(CakeRequest), Object(CakeResponse))
#5 {main}
2025-07-23 11:34:08 Error: [MissingViewException] View file "Years\edit.ctp" is missing.
Exception Attributes: array (
  'file' => 'Years\\edit.ctp',
)
Request URL: /demo/years/edit/7
Stack Trace:
#0 C:\xampp\htdocs\demo\lib\Cake\View\View.php(470): View->_getViewFileName('Years\\edit')
#1 C:\xampp\htdocs\demo\lib\Cake\Controller\Controller.php(968): View->render(NULL, NULL)
#2 C:\xampp\htdocs\demo\lib\Cake\Routing\Dispatcher.php(200): Controller->render()
#3 C:\xampp\htdocs\demo\lib\Cake\Routing\Dispatcher.php(167): Dispatcher->_invoke(Object(YearsController), Object(CakeRequest))
#4 C:\xampp\htdocs\demo\app\webroot\index.php(117): Dispatcher->dispatch(Object(CakeRequest), Object(CakeResponse))
#5 {main}
2025-07-23 11:34:21 Error: [MissingViewException] View file "Branches\edit.ctp" is missing.
Exception Attributes: array (
  'file' => 'Branches\\edit.ctp',
)
Request URL: /demo/branches/edit/1
Stack Trace:
#0 C:\xampp\htdocs\demo\lib\Cake\View\View.php(470): View->_getViewFileName('Branches\\edit')
#1 C:\xampp\htdocs\demo\lib\Cake\Controller\Controller.php(968): View->render(NULL, NULL)
#2 C:\xampp\htdocs\demo\lib\Cake\Routing\Dispatcher.php(200): Controller->render()
#3 C:\xampp\htdocs\demo\lib\Cake\Routing\Dispatcher.php(167): Dispatcher->_invoke(Object(BranchesController), Object(CakeRequest))
#4 C:\xampp\htdocs\demo\app\webroot\index.php(117): Dispatcher->dispatch(Object(CakeRequest), Object(CakeResponse))
#5 {main}
2025-07-24 08:48:24 Error: [PDOException] SQLSTATE[23000]: Integrity constraint violation: 1062 Duplicate entry 'Nihal Dharpure' for key 'name'
Request URL: /demo/students/add
Stack Trace:
#0 C:\xampp\htdocs\demo\lib\Cake\Model\Datasource\DboSource.php(502): PDOStatement->execute(Array)
#1 C:\xampp\htdocs\demo\lib\Cake\Model\Datasource\DboSource.php(468): DboSource->_execute('INSERT INTO `st...', Array)
#2 C:\xampp\htdocs\demo\lib\Cake\Model\Datasource\DboSource.php(1132): DboSource->execute('INSERT INTO `st...')
#3 C:\xampp\htdocs\demo\lib\Cake\Model\Model.php(1942): DboSource->create(Object(Student), Array, Array)
#4 C:\xampp\htdocs\demo\lib\Cake\Model\Model.php(1760): Model->_doSave(Array, Array)
#5 C:\xampp\htdocs\demo\app\Controller\StudentsController.php(47): Model->save(Array)
#6 [internal function]: StudentsController->add()
#7 C:\xampp\htdocs\demo\lib\Cake\Controller\Controller.php(499): ReflectionMethod->invokeArgs(Object(StudentsController), Array)
#8 C:\xampp\htdocs\demo\lib\Cake\Routing\Dispatcher.php(193): Controller->invokeAction(Object(CakeRequest))
#9 C:\xampp\htdocs\demo\lib\Cake\Routing\Dispatcher.php(167): Dispatcher->_invoke(Object(StudentsController), Object(CakeRequest))
#10 C:\xampp\htdocs\demo\app\webroot\index.php(117): Dispatcher->dispatch(Object(CakeRequest), Object(CakeResponse))
#11 {main}
2025-07-24 08:48:37 Error: [PDOException] SQLSTATE[23000]: Integrity constraint violation: 1062 Duplicate entry 'Nihal Dharpure' for key 'name'
Request URL: /demo/students/add
Stack Trace:
#0 C:\xampp\htdocs\demo\lib\Cake\Model\Datasource\DboSource.php(502): PDOStatement->execute(Array)
#1 C:\xampp\htdocs\demo\lib\Cake\Model\Datasource\DboSource.php(468): DboSource->_execute('INSERT INTO `st...', Array)
#2 C:\xampp\htdocs\demo\lib\Cake\Model\Datasource\DboSource.php(1132): DboSource->execute('INSERT INTO `st...')
#3 C:\xampp\htdocs\demo\lib\Cake\Model\Model.php(1942): DboSource->create(Object(Student), Array, Array)
#4 C:\xampp\htdocs\demo\lib\Cake\Model\Model.php(1760): Model->_doSave(Array, Array)
#5 C:\xampp\htdocs\demo\app\Controller\StudentsController.php(47): Model->save(Array)
#6 [internal function]: StudentsController->add()
#7 C:\xampp\htdocs\demo\lib\Cake\Controller\Controller.php(499): ReflectionMethod->invokeArgs(Object(StudentsController), Array)
#8 C:\xampp\htdocs\demo\lib\Cake\Routing\Dispatcher.php(193): Controller->invokeAction(Object(CakeRequest))
#9 C:\xampp\htdocs\demo\lib\Cake\Routing\Dispatcher.php(167): Dispatcher->_invoke(Object(StudentsController), Object(CakeRequest))
#10 C:\xampp\htdocs\demo\app\webroot\index.php(117): Dispatcher->dispatch(Object(CakeRequest), Object(CakeResponse))
#11 {main}
2025-07-25 07:24:29 Error: [Error] Call to a member function find() on null
Request URL: /demo/years
Stack Trace:
#0 [internal function]: YearsController->index()
#1 C:\xampp\htdocs\demo\lib\Cake\Controller\Controller.php(499): ReflectionMethod->invokeArgs(Object(YearsController), Array)
#2 C:\xampp\htdocs\demo\lib\Cake\Routing\Dispatcher.php(193): Controller->invokeAction(Object(CakeRequest))
#3 C:\xampp\htdocs\demo\lib\Cake\Routing\Dispatcher.php(167): Dispatcher->_invoke(Object(YearsController), Object(CakeRequest))
#4 C:\xampp\htdocs\demo\app\webroot\index.php(117): Dispatcher->dispatch(Object(CakeRequest), Object(CakeResponse))
#5 {main}
2025-07-25 07:24:32 Error: [Error] Call to a member function find() on null
Request URL: /demo/years
Stack Trace:
#0 [internal function]: YearsController->index()
#1 C:\xampp\htdocs\demo\lib\Cake\Controller\Controller.php(499): ReflectionMethod->invokeArgs(Object(YearsController), Array)
#2 C:\xampp\htdocs\demo\lib\Cake\Routing\Dispatcher.php(193): Controller->invokeAction(Object(CakeRequest))
#3 C:\xampp\htdocs\demo\lib\Cake\Routing\Dispatcher.php(167): Dispatcher->_invoke(Object(YearsController), Object(CakeRequest))
#4 C:\xampp\htdocs\demo\app\webroot\index.php(117): Dispatcher->dispatch(Object(CakeRequest), Object(CakeResponse))
#5 {main}
